<?xml version="1.0" encoding="UTF-8"?>
<testng-results skipped="0" failed="0" total="2" passed="2">
  <reporter-output>
  </reporter-output>
  <suite name="Suite" duration-ms="66756" started-at="2020-06-20T13:30:36Z" finished-at="2020-06-20T13:31:43Z">
    <groups>
    </groups>
    <test name="Test" duration-ms="66756" started-at="2020-06-20T13:30:36Z" finished-at="2020-06-20T13:31:43Z">
      <class name="demo.Phonepurchase">
        <test-method status="PASS" signature="login()[pri:0, instance:demo.Phonepurchase@67b64c45]" name="login" is-config="true" duration-ms="14037" started-at="2020-06-20T19:00:36Z" finished-at="2020-06-20T19:00:50Z">
          <reporter-output>
          </reporter-output>
        </test-method> <!-- login -->
        <test-method status="PASS" signature="purchase()[pri:0, instance:demo.Phonepurchase@67b64c45]" name="purchase" duration-ms="27104" started-at="2020-06-20T19:00:50Z" finished-at="2020-06-20T19:01:17Z">
          <reporter-output>
          </reporter-output>
        </test-method> <!-- purchase -->
        <test-method status="PASS" signature="exit()[pri:0, instance:demo.Phonepurchase@67b64c45]" name="exit" is-config="true" duration-ms="776" started-at="2020-06-20T19:01:17Z" finished-at="2020-06-20T19:01:18Z">
          <reporter-output>
          </reporter-output>
        </test-method> <!-- exit -->
      </class> <!-- demo.Phonepurchase -->
      <class name="demo.Camerapurchase">
        <test-method status="PASS" signature="login()[pri:0, instance:demo.Camerapurchase@6aaa5eb0]" name="login" is-config="true" duration-ms="14775" started-at="2020-06-20T19:01:18Z" finished-at="2020-06-20T19:01:33Z">
          <reporter-output>
          </reporter-output>
        </test-method> <!-- login -->
        <test-method status="PASS" signature="purchase()[pri:0, instance:demo.Camerapurchase@6aaa5eb0]" name="purchase" duration-ms="9309" started-at="2020-06-20T19:01:33Z" finished-at="2020-06-20T19:01:42Z">
          <reporter-output>
          </reporter-output>
        </test-method> <!-- purchase -->
        <test-method status="PASS" signature="exit()[pri:0, instance:demo.Camerapurchase@6aaa5eb0]" name="exit" is-config="true" duration-ms="736" started-at="2020-06-20T19:01:42Z" finished-at="2020-06-20T19:01:43Z">
          <reporter-output>
          </reporter-output>
        </test-method> <!-- exit -->
      </class> <!-- demo.Camerapurchase -->
    </test> <!-- Test -->
  </suite> <!-- Suite -->
</testng-results>
